<?xml version="1.0" encoding="UTF-8"?>
<testng-results ignored="0" total="1" passed="1" failed="0" skipped="0">
  <reporter-output>
  </reporter-output>
  <suite started-at="2022-08-06T18:35:35 NZST" name="Default suite" finished-at="2022-08-06T18:36:24 NZST" duration-ms="49289">
    <groups>
    </groups>
    <test started-at="2022-08-06T18:35:35 NZST" name="Default test" finished-at="2022-08-06T18:36:24 NZST" duration-ms="49289">
      <class name="pkg1.Flipcart">
        <test-method is-config="true" signature="setUp()[pri:0, instance:pkg1.Flipcart@49912c99]" started-at="2022-08-06T18:35:35 NZST" name="setUp" finished-at="2022-08-06T18:35:58 NZST" duration-ms="22613" status="PASS">
          <reporter-output>
          </reporter-output>
        </test-method> <!-- setUp -->
        <test-method signature="Flipcartselection()[pri:0, instance:pkg1.Flipcart@49912c99]" started-at="2022-08-06T18:35:58 NZST" name="Flipcartselection" finished-at="2022-08-06T18:36:24 NZST" duration-ms="26593" status="PASS">
          <reporter-output>
          </reporter-output>
        </test-method> <!-- Flipcartselection -->
      </class> <!-- pkg1.Flipcart -->
    </test> <!-- Default test -->
  </suite> <!-- Default suite -->
</testng-results>
